<?xml version="1.0" encoding="UTF-8"?>
<!-- Generated by org.testng.reporters.JUnitReportReporter -->
<testsuite skipped="0" hostname="PaxoTechWin7X64" name="org.naic.mfl.se.challenge.RegistrationPageTest" tests="1" failures="0" timestamp="28 Jan 2019 19:11:29 GMT" time="24.365" errors="0">
  <testcase name="signInTest" time="24.365" classname="org.naic.mfl.se.challenge.RegistrationPageTest"/>
</testsuite> <!-- org.naic.mfl.se.challenge.RegistrationPageTest -->
