<?xml version="1.0" encoding="UTF-8"?>
<!-- Generated by org.testng.reporters.JUnitReportReporter -->
<testsuite skipped="0" hostname="PaxoTechWin7X64" name="org.naic.mfl.se.challenge.SignInPageTest" tests="1" failures="0" timestamp="28 Jan 2019 05:38:24 GMT" time="15.656" errors="0">
  <testcase name="signInTest" time="15.656" classname="org.naic.mfl.se.challenge.SignInPageTest"/>
</testsuite> <!-- org.naic.mfl.se.challenge.SignInPageTest -->
